2019-12-19-19-05-13 1 1 0 1 2
2019-12-19-19-05-15 0 2 0 1 3
2019-12-19-19-05-42 0 3 0 1 3
2019-12-19-19-05-42 Using default maxIOWorkers
2019-12-19-19-05-43 0 2 0 1 3
2019-12-19-19-05-46 0 3 0 1 3
2019-12-19-19-05-48 0 4 1 0 2
2019-12-19-19-05-51 1 1 1 1 2
2019-12-19-19-06-45 0 3 0 1 3
2019-12-19-19-06-45 Using default maxIOWorkers
2019-12-19-19-06-47 0 2 0 1 3
2019-12-19-19-06-50 0 2 0 1 3
2019-12-19-19-09-45 0 4 1 0 2
2019-12-19-19-09-47 1 1 1 1 2
2019-12-19-19-09-49 1 3 1 1 2
2019-12-19-19-09-49 1 3 1 1 2
2019-12-19-19-09-49 1 3 1 1 2
2019-12-19-19-09-49 1 3 1 1 2
2019-12-19-19-09-50 1 3 1 1 2
2019-12-19-19-09-50 1 3 1 1 2
2019-12-19-19-09-50 1 3 1 1 2
2019-12-19-19-27-34 1 3 1 1 2
2019-12-19-19-27-35 1 1 1 1 1
2019-12-19-19-27-35 1 3 1 1 2
2019-12-19-19-27-37 1 3 1 1 2
2019-12-19-19-30-51 1 3 1 1 2
2019-12-19-19-45-23 1 3 1 1 2
2019-12-19-19-45-24 1 3 1 1 2
2019-12-19-19-45-24 1 3 1 1 2
2019-12-19-19-45-25 1 3 1 1 2
2019-12-19-19-45-25 1 3 1 1 2
2019-12-19-20-07-04 1 3 1 1 2
2019-12-19-20-07-05 1 3 1 1 2
2019-12-19-20-07-05 1 3 1 1 2
2019-12-19-20-07-05 1 3 1 1 2
2019-12-19-20-07-06 1 3 1 1 2
2019-12-19-20-37-27 0 3 0 1 3
2019-12-19-20-37-29 0 3 0 1 3
2019-12-19-20-37-52 0 3 0 1 3
2019-12-19-20-37-53 0 2 0 1 3
2019-12-19-20-49-45 0 4 0 0 3
2019-12-19-20-49-50 0 4 0 0 3
2019-12-19-20-49-55 0 4 1 0 2
2019-12-19-20-49-56 2 1 1 5 2
2019-12-19-20-49-58 2 3 1 5 2
2019-12-19-20-57-48 2 3 1 5 2
2019-12-20-08-18-20 0 3 0 5 3
2019-12-20-08-18-46 0 3 0 5 3
2019-12-20-08-18-48 0 3 0 5 3
